2023-01-17 23:53:21,606 [Worker-3: Loading available Gradle versions] INFO  o.e.b.c.i.u.g.PublishedGradleVersions - Gradle version information cache is up-to-date. Trying to read.
2023-01-18 00:18:25,689 [Worker-0: Loading available Gradle versions] INFO  o.e.b.c.i.u.g.PublishedGradleVersions - Gradle version information cache is up-to-date. Trying to read.
2023-01-27 11:46:11,139 [Worker-7: Loading available Gradle versions] INFO  o.e.b.c.i.u.g.PublishedGradleVersions - Gradle version information cache is up-to-date. Trying to read.
2023-02-15 12:23:47,702 [Worker-2: Loading available Gradle versions] INFO  o.e.b.c.i.u.g.PublishedGradleVersions - Gradle version information cache is out-of-date. Trying to update.
2023-02-16 13:04:22,657 [Worker-0: Loading available Gradle versions] INFO  o.e.b.c.i.u.g.PublishedGradleVersions - Gradle version information cache is out-of-date. Trying to update.
2023-02-17 13:57:47,309 [Worker-24: Loading available Gradle versions] INFO  o.e.b.c.i.u.g.PublishedGradleVersions - Gradle version information cache is out-of-date. Trying to update.
2023-02-21 13:38:24,815 [Worker-5: Loading available Gradle versions] INFO  o.e.b.c.i.u.g.PublishedGradleVersions - Gradle version information cache is out-of-date. Trying to update.
2023-02-22 13:30:32,799 [Worker-10: Loading available Gradle versions] INFO  o.e.b.c.i.u.g.PublishedGradleVersions - Gradle version information cache is up-to-date. Trying to read.
2023-02-23 15:02:59,274 [Worker-24: Loading available Gradle versions] INFO  o.e.b.c.i.u.g.PublishedGradleVersions - Gradle version information cache is up-to-date. Trying to read.
2023-02-23 15:11:34,799 [Worker-34: Launching mavenrun-69d4ecdf-0104-4f5a-a476-36e693c63690] INFO  o.eclipse.m2e.core.internal.Bundles - getClasspathEntries(Bundle=org.eclipse.m2e.maven.runtime_3.8.604.20221130-2149 [1586])
2023-02-23 15:11:34,825 [Worker-34: Launching mavenrun-69d4ecdf-0104-4f5a-a476-36e693c63690] INFO  o.eclipse.m2e.core.internal.Bundles - 	Entry: C:\Users\Dhananjay\.p2\pool\plugins\org.eclipse.m2e.maven.runtime_3.8.604.20221130-2149
2023-02-23 15:11:34,826 [Worker-34: Launching mavenrun-69d4ecdf-0104-4f5a-a476-36e693c63690] INFO  o.eclipse.m2e.core.internal.Bundles - 	Entry: C:\Users\Dhananjay\.p2\pool\plugins\org.eclipse.m2e.maven.runtime_3.8.604.20221130-2149\jars\aether-connector-okhttp-0.17.8.jar
2023-02-23 15:11:34,826 [Worker-34: Launching mavenrun-69d4ecdf-0104-4f5a-a476-36e693c63690] INFO  o.eclipse.m2e.core.internal.Bundles - 	Entry: C:\Users\Dhananjay\.p2\pool\plugins\org.eclipse.m2e.maven.runtime_3.8.604.20221130-2149\jars\commons-cli-1.4.jar
2023-02-23 15:11:34,826 [Worker-34: Launching mavenrun-69d4ecdf-0104-4f5a-a476-36e693c63690] INFO  o.eclipse.m2e.core.internal.Bundles - 	Entry: C:\Users\Dhananjay\.p2\pool\plugins\org.eclipse.m2e.maven.runtime_3.8.604.20221130-2149\jars\commons-io-2.6.jar
2023-02-23 15:11:34,826 [Worker-34: Launching mavenrun-69d4ecdf-0104-4f5a-a476-36e693c63690] INFO  o.eclipse.m2e.core.internal.Bundles - 	Entry: C:\Users\Dhananjay\.p2\pool\plugins\org.eclipse.m2e.maven.runtime_3.8.604.20221130-2149\jars\commons-lang3-3.8.1.jar
2023-02-23 15:11:34,826 [Worker-34: Launching mavenrun-69d4ecdf-0104-4f5a-a476-36e693c63690] INFO  o.eclipse.m2e.core.internal.Bundles - 	Entry: C:\Users\Dhananjay\.p2\pool\plugins\org.eclipse.m2e.maven.runtime_3.8.604.20221130-2149\jars\guice-4.2.2-no_aop.jar
2023-02-23 15:11:34,827 [Worker-34: Launching mavenrun-69d4ecdf-0104-4f5a-a476-36e693c63690] INFO  o.eclipse.m2e.core.internal.Bundles - 	Entry: C:\Users\Dhananjay\.p2\pool\plugins\org.eclipse.m2e.maven.runtime_3.8.604.20221130-2149\jars\jansi-2.4.0.jar
2023-02-23 15:11:34,827 [Worker-34: Launching mavenrun-69d4ecdf-0104-4f5a-a476-36e693c63690] INFO  o.eclipse.m2e.core.internal.Bundles - 	Entry: C:\Users\Dhananjay\.p2\pool\plugins\org.eclipse.m2e.maven.runtime_3.8.604.20221130-2149\jars\maven-artifact-3.8.6.jar
2023-02-23 15:11:34,827 [Worker-34: Launching mavenrun-69d4ecdf-0104-4f5a-a476-36e693c63690] INFO  o.eclipse.m2e.core.internal.Bundles - 	Entry: C:\Users\Dhananjay\.p2\pool\plugins\org.eclipse.m2e.maven.runtime_3.8.604.20221130-2149\jars\maven-builder-support-3.8.6.jar
2023-02-23 15:11:34,848 [Worker-34: Launching mavenrun-69d4ecdf-0104-4f5a-a476-36e693c63690] INFO  o.eclipse.m2e.core.internal.Bundles - 	Entry: C:\Users\Dhananjay\.p2\pool\plugins\org.eclipse.m2e.maven.runtime_3.8.604.20221130-2149\jars\maven-compat-3.8.6.jar
2023-02-23 15:11:34,848 [Worker-34: Launching mavenrun-69d4ecdf-0104-4f5a-a476-36e693c63690] INFO  o.eclipse.m2e.core.internal.Bundles - 	Entry: C:\Users\Dhananjay\.p2\pool\plugins\org.eclipse.m2e.maven.runtime_3.8.604.20221130-2149\jars\maven-core-3.8.6.jar
2023-02-23 15:11:34,848 [Worker-34: Launching mavenrun-69d4ecdf-0104-4f5a-a476-36e693c63690] INFO  o.eclipse.m2e.core.internal.Bundles - 	Entry: C:\Users\Dhananjay\.p2\pool\plugins\org.eclipse.m2e.maven.runtime_3.8.604.20221130-2149\jars\maven-embedder-3.8.6.jar
2023-02-23 15:11:34,848 [Worker-34: Launching mavenrun-69d4ecdf-0104-4f5a-a476-36e693c63690] INFO  o.eclipse.m2e.core.internal.Bundles - 	Entry: C:\Users\Dhananjay\.p2\pool\plugins\org.eclipse.m2e.maven.runtime_3.8.604.20221130-2149\jars\maven-model-3.8.6.jar
2023-02-23 15:11:34,848 [Worker-34: Launching mavenrun-69d4ecdf-0104-4f5a-a476-36e693c63690] INFO  o.eclipse.m2e.core.internal.Bundles - 	Entry: C:\Users\Dhananjay\.p2\pool\plugins\org.eclipse.m2e.maven.runtime_3.8.604.20221130-2149\jars\maven-model-builder-3.8.6.jar
2023-02-23 15:11:34,848 [Worker-34: Launching mavenrun-69d4ecdf-0104-4f5a-a476-36e693c63690] INFO  o.eclipse.m2e.core.internal.Bundles - 	Entry: C:\Users\Dhananjay\.p2\pool\plugins\org.eclipse.m2e.maven.runtime_3.8.604.20221130-2149\jars\maven-plugin-api-3.8.6.jar
2023-02-23 15:11:34,848 [Worker-34: Launching mavenrun-69d4ecdf-0104-4f5a-a476-36e693c63690] INFO  o.eclipse.m2e.core.internal.Bundles - 	Entry: C:\Users\Dhananjay\.p2\pool\plugins\org.eclipse.m2e.maven.runtime_3.8.604.20221130-2149\jars\maven-repository-metadata-3.8.6.jar
2023-02-23 15:11:34,848 [Worker-34: Launching mavenrun-69d4ecdf-0104-4f5a-a476-36e693c63690] INFO  o.eclipse.m2e.core.internal.Bundles - 	Entry: C:\Users\Dhananjay\.p2\pool\plugins\org.eclipse.m2e.maven.runtime_3.8.604.20221130-2149\jars\maven-resolver-api-1.6.3.jar
2023-02-23 15:11:34,848 [Worker-34: Launching mavenrun-69d4ecdf-0104-4f5a-a476-36e693c63690] INFO  o.eclipse.m2e.core.internal.Bundles - 	Entry: C:\Users\Dhananjay\.p2\pool\plugins\org.eclipse.m2e.maven.runtime_3.8.604.20221130-2149\jars\maven-resolver-connector-basic-1.6.3.jar
2023-02-23 15:11:34,849 [Worker-34: Launching mavenrun-69d4ecdf-0104-4f5a-a476-36e693c63690] INFO  o.eclipse.m2e.core.internal.Bundles - 	Entry: C:\Users\Dhananjay\.p2\pool\plugins\org.eclipse.m2e.maven.runtime_3.8.604.20221130-2149\jars\maven-resolver-impl-1.6.3.jar
2023-02-23 15:11:34,849 [Worker-34: Launching mavenrun-69d4ecdf-0104-4f5a-a476-36e693c63690] INFO  o.eclipse.m2e.core.internal.Bundles - 	Entry: C:\Users\Dhananjay\.p2\pool\plugins\org.eclipse.m2e.maven.runtime_3.8.604.20221130-2149\jars\maven-resolver-provider-3.8.6.jar
2023-02-23 15:11:34,849 [Worker-34: Launching mavenrun-69d4ecdf-0104-4f5a-a476-36e693c63690] INFO  o.eclipse.m2e.core.internal.Bundles - 	Entry: C:\Users\Dhananjay\.p2\pool\plugins\org.eclipse.m2e.maven.runtime_3.8.604.20221130-2149\jars\maven-resolver-spi-1.6.3.jar
2023-02-23 15:11:34,849 [Worker-34: Launching mavenrun-69d4ecdf-0104-4f5a-a476-36e693c63690] INFO  o.eclipse.m2e.core.internal.Bundles - 	Entry: C:\Users\Dhananjay\.p2\pool\plugins\org.eclipse.m2e.maven.runtime_3.8.604.20221130-2149\jars\maven-resolver-transport-wagon-1.6.3.jar
2023-02-23 15:11:34,849 [Worker-34: Launching mavenrun-69d4ecdf-0104-4f5a-a476-36e693c63690] INFO  o.eclipse.m2e.core.internal.Bundles - 	Entry: C:\Users\Dhananjay\.p2\pool\plugins\org.eclipse.m2e.maven.runtime_3.8.604.20221130-2149\jars\maven-resolver-util-1.6.3.jar
2023-02-23 15:11:34,849 [Worker-34: Launching mavenrun-69d4ecdf-0104-4f5a-a476-36e693c63690] INFO  o.eclipse.m2e.core.internal.Bundles - 	Entry: C:\Users\Dhananjay\.p2\pool\plugins\org.eclipse.m2e.maven.runtime_3.8.604.20221130-2149\jars\maven-settings-3.8.6.jar
2023-02-23 15:11:34,849 [Worker-34: Launching mavenrun-69d4ecdf-0104-4f5a-a476-36e693c63690] INFO  o.eclipse.m2e.core.internal.Bundles - 	Entry: C:\Users\Dhananjay\.p2\pool\plugins\org.eclipse.m2e.maven.runtime_3.8.604.20221130-2149\jars\maven-settings-builder-3.8.6.jar
2023-02-23 15:11:34,849 [Worker-34: Launching mavenrun-69d4ecdf-0104-4f5a-a476-36e693c63690] INFO  o.eclipse.m2e.core.internal.Bundles - 	Entry: C:\Users\Dhananjay\.p2\pool\plugins\org.eclipse.m2e.maven.runtime_3.8.604.20221130-2149\jars\maven-shared-utils-3.3.4.jar
2023-02-23 15:11:34,849 [Worker-34: Launching mavenrun-69d4ecdf-0104-4f5a-a476-36e693c63690] INFO  o.eclipse.m2e.core.internal.Bundles - 	Entry: C:\Users\Dhananjay\.p2\pool\plugins\org.eclipse.m2e.maven.runtime_3.8.604.20221130-2149\jars\okhttp-3.14.1.jar
2023-02-23 15:11:34,849 [Worker-34: Launching mavenrun-69d4ecdf-0104-4f5a-a476-36e693c63690] INFO  o.eclipse.m2e.core.internal.Bundles - 	Entry: C:\Users\Dhananjay\.p2\pool\plugins\org.eclipse.m2e.maven.runtime_3.8.604.20221130-2149\jars\okio-1.17.3.jar
2023-02-23 15:11:34,850 [Worker-34: Launching mavenrun-69d4ecdf-0104-4f5a-a476-36e693c63690] INFO  o.eclipse.m2e.core.internal.Bundles - 	Entry: C:\Users\Dhananjay\.p2\pool\plugins\org.eclipse.m2e.maven.runtime_3.8.604.20221130-2149\jars\org.eclipse.sisu.inject-0.3.5.jar
2023-02-23 15:11:34,850 [Worker-34: Launching mavenrun-69d4ecdf-0104-4f5a-a476-36e693c63690] INFO  o.eclipse.m2e.core.internal.Bundles - 	Entry: C:\Users\Dhananjay\.p2\pool\plugins\org.eclipse.m2e.maven.runtime_3.8.604.20221130-2149\jars\org.eclipse.sisu.plexus-0.3.5.jar
2023-02-23 15:11:34,850 [Worker-34: Launching mavenrun-69d4ecdf-0104-4f5a-a476-36e693c63690] INFO  o.eclipse.m2e.core.internal.Bundles - 	Entry: C:\Users\Dhananjay\.p2\pool\plugins\org.eclipse.m2e.maven.runtime_3.8.604.20221130-2149\jars\plexus-build-api-0.0.7.jar
2023-02-23 15:11:34,850 [Worker-34: Launching mavenrun-69d4ecdf-0104-4f5a-a476-36e693c63690] INFO  o.eclipse.m2e.core.internal.Bundles - 	Entry: C:\Users\Dhananjay\.p2\pool\plugins\org.eclipse.m2e.maven.runtime_3.8.604.20221130-2149\jars\plexus-cipher-2.0.jar
2023-02-23 15:11:34,850 [Worker-34: Launching mavenrun-69d4ecdf-0104-4f5a-a476-36e693c63690] INFO  o.eclipse.m2e.core.internal.Bundles - 	Entry: C:\Users\Dhananjay\.p2\pool\plugins\org.eclipse.m2e.maven.runtime_3.8.604.20221130-2149\jars\plexus-classworlds-2.6.0.jar
2023-02-23 15:11:34,850 [Worker-34: Launching mavenrun-69d4ecdf-0104-4f5a-a476-36e693c63690] INFO  o.eclipse.m2e.core.internal.Bundles - 	Entry: C:\Users\Dhananjay\.p2\pool\plugins\org.eclipse.m2e.maven.runtime_3.8.604.20221130-2149\jars\plexus-component-annotations-2.1.0.jar
2023-02-23 15:11:34,850 [Worker-34: Launching mavenrun-69d4ecdf-0104-4f5a-a476-36e693c63690] INFO  o.eclipse.m2e.core.internal.Bundles - 	Entry: C:\Users\Dhananjay\.p2\pool\plugins\org.eclipse.m2e.maven.runtime_3.8.604.20221130-2149\jars\plexus-interpolation-1.26.jar
2023-02-23 15:11:34,850 [Worker-34: Launching mavenrun-69d4ecdf-0104-4f5a-a476-36e693c63690] INFO  o.eclipse.m2e.core.internal.Bundles - 	Entry: C:\Users\Dhananjay\.p2\pool\plugins\org.eclipse.m2e.maven.runtime_3.8.604.20221130-2149\jars\plexus-sec-dispatcher-2.0.jar
2023-02-23 15:11:34,850 [Worker-34: Launching mavenrun-69d4ecdf-0104-4f5a-a476-36e693c63690] INFO  o.eclipse.m2e.core.internal.Bundles - 	Entry: C:\Users\Dhananjay\.p2\pool\plugins\org.eclipse.m2e.maven.runtime_3.8.604.20221130-2149\jars\plexus-utils-3.3.1.jar
2023-02-23 15:11:34,850 [Worker-34: Launching mavenrun-69d4ecdf-0104-4f5a-a476-36e693c63690] INFO  o.eclipse.m2e.core.internal.Bundles - 	Entry: C:\Users\Dhananjay\.p2\pool\plugins\org.eclipse.m2e.maven.runtime_3.8.604.20221130-2149\jars\wagon-file-3.5.1.jar
2023-02-23 15:11:34,851 [Worker-34: Launching mavenrun-69d4ecdf-0104-4f5a-a476-36e693c63690] INFO  o.eclipse.m2e.core.internal.Bundles - 	Entry: C:\Users\Dhananjay\.p2\pool\plugins\org.eclipse.m2e.maven.runtime_3.8.604.20221130-2149\jars\wagon-provider-api-3.5.1.jar
2023-02-23 15:11:34,853 [Worker-34: Launching mavenrun-69d4ecdf-0104-4f5a-a476-36e693c63690] INFO  o.eclipse.m2e.core.internal.Bundles - getClasspathEntries(Bundle=com.google.guava_30.1.0.v20221112-0806 [944])
2023-02-23 15:11:34,856 [Worker-34: Launching mavenrun-69d4ecdf-0104-4f5a-a476-36e693c63690] INFO  o.eclipse.m2e.core.internal.Bundles - 	Entry: C:\Users\Dhananjay\.p2\pool\plugins\com.google.guava_30.1.0.v20221112-0806.jar
2023-02-23 15:11:34,856 [Worker-34: Launching mavenrun-69d4ecdf-0104-4f5a-a476-36e693c63690] INFO  o.eclipse.m2e.core.internal.Bundles - getClasspathEntries(Bundle=slf4j.api_1.7.36 [1664])
2023-02-23 15:11:35,017 [Worker-34: Launching mavenrun-69d4ecdf-0104-4f5a-a476-36e693c63690] INFO  o.eclipse.m2e.core.internal.Bundles - 	Entry: C:\Users\Dhananjay\.p2\pool\plugins\slf4j.api_1.7.36.jar
2023-02-23 15:11:35,018 [Worker-34: Launching mavenrun-69d4ecdf-0104-4f5a-a476-36e693c63690] INFO  o.eclipse.m2e.core.internal.Bundles - getClasspathEntries(Bundle=javax.inject_1.0.0.v20220405-0441 [959])
2023-02-23 15:11:35,313 [Worker-34: Launching mavenrun-69d4ecdf-0104-4f5a-a476-36e693c63690] INFO  o.eclipse.m2e.core.internal.Bundles - 	Entry: C:\Users\Dhananjay\.p2\pool\plugins\javax.inject_1.0.0.v20220405-0441.jar
2023-02-23 15:11:35,314 [Worker-34: Launching mavenrun-69d4ecdf-0104-4f5a-a476-36e693c63690] INFO  o.eclipse.m2e.core.internal.Bundles - getClasspathEntries(Bundle=javax.annotation_1.3.5.v20221112-0806 [1455])
2023-02-23 15:11:35,641 [Worker-34: Launching mavenrun-69d4ecdf-0104-4f5a-a476-36e693c63690] INFO  o.eclipse.m2e.core.internal.Bundles - 	Entry: C:\Users\Dhananjay\.p2\pool\plugins\javax.annotation_1.3.5.v20221112-0806.jar
2023-02-23 15:11:35,658 [Worker-34: Launching mavenrun-69d4ecdf-0104-4f5a-a476-36e693c63690] INFO  o.e.m.i.launch.MavenLaunchDelegate - Run build in "C:\Users\Dhananjay\AppData\Local\Temp\m2e-archetypeGenerator15766776912835301207":
2023-02-23 15:11:35,671 [Worker-34: Launching mavenrun-69d4ecdf-0104-4f5a-a476-36e693c63690] INFO  o.e.m.i.launch.MavenLaunchDelegate -  mvn  -DarchetypeGroupId=org.apache.maven.archetypes -DarchetypeArtifactId=maven-archetype-quickstart -DarchetypeVersion=1.4 -DgroupId=com.jspiders -DartifactId=hiberante -Dversion=0.0.1-SNAPSHOT -Dpackage=com.jspiders.hiberante -DoutputDirectory=D:\WEJA1 -B -Dstyle.color=always -U archetype:generate
2023-02-23 15:11:57,724 [Worker-27: Creating maven-archetype-quickstart] INFO  o.e.m.c.i.p.ProjectConfigurationManager - Collecting project info '/pom.xml' D:\WEJA1\hiberante\pom.xml
2023-02-23 15:12:01,179 [Worker-27: Creating maven-archetype-quickstart] INFO  o.e.m.c.i.l.LifecycleMappingFactory - Using org.eclipse.m2e.jdt.JarLifecycleMapping lifecycle mapping for MavenProject: com.jspiders:hiberante:0.0.1-SNAPSHOT @ D:\WEJA1\hiberante\pom.xml.
2023-02-23 15:12:02,593 [Worker-27: Creating maven-archetype-quickstart] INFO  o.e.m.j.i.AbstractJavaProjectConfigurator - Adding source folder /hiberante/src/main/java
2023-02-23 15:12:02,615 [Worker-27: Creating maven-archetype-quickstart] INFO  o.e.m.j.i.AbstractJavaProjectConfigurator - Adding source folder /hiberante/src/test/java
2023-02-23 15:12:02,983 [Worker-27: Creating maven-archetype-quickstart] INFO  o.e.m.c.i.p.ProjectConfigurationManager - Imported and configured 1 project(s) in 5 sec
2023-02-23 15:12:03,659 [Worker-34: Building] INFO  o.e.m.c.i.embedder.EclipseLogger - Using 'UTF-8' encoding to copy filtered resources.
2023-02-23 15:12:03,659 [Worker-34: Building] INFO  o.e.m.c.i.embedder.EclipseLogger - skip non existing resourceDirectory D:\WEJA1\hiberante\src\main\resources
2023-02-23 15:12:03,665 [Worker-34: Building] INFO  o.e.m.c.i.embedder.EclipseLogger - Using 'UTF-8' encoding to copy filtered resources.
2023-02-23 15:12:03,665 [Worker-34: Building] INFO  o.e.m.c.i.embedder.EclipseLogger - skip non existing resourceDirectory D:\WEJA1\hiberante\src\test\resources
2023-02-24 13:29:19,875 [Worker-1: Loading available Gradle versions] INFO  o.e.b.c.i.u.g.PublishedGradleVersions - Gradle version information cache is up-to-date. Trying to read.
2023-02-24 13:53:41,428 [Worker-31: Launching mavenrun-14b778a2-fbbf-4e3a-a32b-96e6eed2f860] INFO  o.eclipse.m2e.core.internal.Bundles - getClasspathEntries(Bundle=org.eclipse.m2e.maven.runtime_3.8.604.20221130-2149 [1586])
2023-02-24 13:53:41,783 [Worker-31: Launching mavenrun-14b778a2-fbbf-4e3a-a32b-96e6eed2f860] INFO  o.eclipse.m2e.core.internal.Bundles - 	Entry: C:\Users\Dhananjay\.p2\pool\plugins\org.eclipse.m2e.maven.runtime_3.8.604.20221130-2149
2023-02-24 13:53:41,784 [Worker-31: Launching mavenrun-14b778a2-fbbf-4e3a-a32b-96e6eed2f860] INFO  o.eclipse.m2e.core.internal.Bundles - 	Entry: C:\Users\Dhananjay\.p2\pool\plugins\org.eclipse.m2e.maven.runtime_3.8.604.20221130-2149\jars\aether-connector-okhttp-0.17.8.jar
2023-02-24 13:53:41,784 [Worker-31: Launching mavenrun-14b778a2-fbbf-4e3a-a32b-96e6eed2f860] INFO  o.eclipse.m2e.core.internal.Bundles - 	Entry: C:\Users\Dhananjay\.p2\pool\plugins\org.eclipse.m2e.maven.runtime_3.8.604.20221130-2149\jars\commons-cli-1.4.jar
2023-02-24 13:53:41,784 [Worker-31: Launching mavenrun-14b778a2-fbbf-4e3a-a32b-96e6eed2f860] INFO  o.eclipse.m2e.core.internal.Bundles - 	Entry: C:\Users\Dhananjay\.p2\pool\plugins\org.eclipse.m2e.maven.runtime_3.8.604.20221130-2149\jars\commons-io-2.6.jar
2023-02-24 13:53:41,784 [Worker-31: Launching mavenrun-14b778a2-fbbf-4e3a-a32b-96e6eed2f860] INFO  o.eclipse.m2e.core.internal.Bundles - 	Entry: C:\Users\Dhananjay\.p2\pool\plugins\org.eclipse.m2e.maven.runtime_3.8.604.20221130-2149\jars\commons-lang3-3.8.1.jar
2023-02-24 13:53:41,784 [Worker-31: Launching mavenrun-14b778a2-fbbf-4e3a-a32b-96e6eed2f860] INFO  o.eclipse.m2e.core.internal.Bundles - 	Entry: C:\Users\Dhananjay\.p2\pool\plugins\org.eclipse.m2e.maven.runtime_3.8.604.20221130-2149\jars\guice-4.2.2-no_aop.jar
2023-02-24 13:53:41,784 [Worker-31: Launching mavenrun-14b778a2-fbbf-4e3a-a32b-96e6eed2f860] INFO  o.eclipse.m2e.core.internal.Bundles - 	Entry: C:\Users\Dhananjay\.p2\pool\plugins\org.eclipse.m2e.maven.runtime_3.8.604.20221130-2149\jars\jansi-2.4.0.jar
2023-02-24 13:53:41,784 [Worker-31: Launching mavenrun-14b778a2-fbbf-4e3a-a32b-96e6eed2f860] INFO  o.eclipse.m2e.core.internal.Bundles - 	Entry: C:\Users\Dhananjay\.p2\pool\plugins\org.eclipse.m2e.maven.runtime_3.8.604.20221130-2149\jars\maven-artifact-3.8.6.jar
2023-02-24 13:53:41,784 [Worker-31: Launching mavenrun-14b778a2-fbbf-4e3a-a32b-96e6eed2f860] INFO  o.eclipse.m2e.core.internal.Bundles - 	Entry: C:\Users\Dhananjay\.p2\pool\plugins\org.eclipse.m2e.maven.runtime_3.8.604.20221130-2149\jars\maven-builder-support-3.8.6.jar
2023-02-24 13:53:41,784 [Worker-31: Launching mavenrun-14b778a2-fbbf-4e3a-a32b-96e6eed2f860] INFO  o.eclipse.m2e.core.internal.Bundles - 	Entry: C:\Users\Dhananjay\.p2\pool\plugins\org.eclipse.m2e.maven.runtime_3.8.604.20221130-2149\jars\maven-compat-3.8.6.jar
2023-02-24 13:53:41,784 [Worker-31: Launching mavenrun-14b778a2-fbbf-4e3a-a32b-96e6eed2f860] INFO  o.eclipse.m2e.core.internal.Bundles - 	Entry: C:\Users\Dhananjay\.p2\pool\plugins\org.eclipse.m2e.maven.runtime_3.8.604.20221130-2149\jars\maven-core-3.8.6.jar
2023-02-24 13:53:41,784 [Worker-31: Launching mavenrun-14b778a2-fbbf-4e3a-a32b-96e6eed2f860] INFO  o.eclipse.m2e.core.internal.Bundles - 	Entry: C:\Users\Dhananjay\.p2\pool\plugins\org.eclipse.m2e.maven.runtime_3.8.604.20221130-2149\jars\maven-embedder-3.8.6.jar
2023-02-24 13:53:41,784 [Worker-31: Launching mavenrun-14b778a2-fbbf-4e3a-a32b-96e6eed2f860] INFO  o.eclipse.m2e.core.internal.Bundles - 	Entry: C:\Users\Dhananjay\.p2\pool\plugins\org.eclipse.m2e.maven.runtime_3.8.604.20221130-2149\jars\maven-model-3.8.6.jar
2023-02-24 13:53:41,785 [Worker-31: Launching mavenrun-14b778a2-fbbf-4e3a-a32b-96e6eed2f860] INFO  o.eclipse.m2e.core.internal.Bundles - 	Entry: C:\Users\Dhananjay\.p2\pool\plugins\org.eclipse.m2e.maven.runtime_3.8.604.20221130-2149\jars\maven-model-builder-3.8.6.jar
2023-02-24 13:53:41,785 [Worker-31: Launching mavenrun-14b778a2-fbbf-4e3a-a32b-96e6eed2f860] INFO  o.eclipse.m2e.core.internal.Bundles - 	Entry: C:\Users\Dhananjay\.p2\pool\plugins\org.eclipse.m2e.maven.runtime_3.8.604.20221130-2149\jars\maven-plugin-api-3.8.6.jar
2023-02-24 13:53:41,785 [Worker-31: Launching mavenrun-14b778a2-fbbf-4e3a-a32b-96e6eed2f860] INFO  o.eclipse.m2e.core.internal.Bundles - 	Entry: C:\Users\Dhananjay\.p2\pool\plugins\org.eclipse.m2e.maven.runtime_3.8.604.20221130-2149\jars\maven-repository-metadata-3.8.6.jar
2023-02-24 13:53:41,785 [Worker-31: Launching mavenrun-14b778a2-fbbf-4e3a-a32b-96e6eed2f860] INFO  o.eclipse.m2e.core.internal.Bundles - 	Entry: C:\Users\Dhananjay\.p2\pool\plugins\org.eclipse.m2e.maven.runtime_3.8.604.20221130-2149\jars\maven-resolver-api-1.6.3.jar
2023-02-24 13:53:41,785 [Worker-31: Launching mavenrun-14b778a2-fbbf-4e3a-a32b-96e6eed2f860] INFO  o.eclipse.m2e.core.internal.Bundles - 	Entry: C:\Users\Dhananjay\.p2\pool\plugins\org.eclipse.m2e.maven.runtime_3.8.604.20221130-2149\jars\maven-resolver-connector-basic-1.6.3.jar
2023-02-24 13:53:41,785 [Worker-31: Launching mavenrun-14b778a2-fbbf-4e3a-a32b-96e6eed2f860] INFO  o.eclipse.m2e.core.internal.Bundles - 	Entry: C:\Users\Dhananjay\.p2\pool\plugins\org.eclipse.m2e.maven.runtime_3.8.604.20221130-2149\jars\maven-resolver-impl-1.6.3.jar
2023-02-24 13:53:41,785 [Worker-31: Launching mavenrun-14b778a2-fbbf-4e3a-a32b-96e6eed2f860] INFO  o.eclipse.m2e.core.internal.Bundles - 	Entry: C:\Users\Dhananjay\.p2\pool\plugins\org.eclipse.m2e.maven.runtime_3.8.604.20221130-2149\jars\maven-resolver-provider-3.8.6.jar
2023-02-24 13:53:41,785 [Worker-31: Launching mavenrun-14b778a2-fbbf-4e3a-a32b-96e6eed2f860] INFO  o.eclipse.m2e.core.internal.Bundles - 	Entry: C:\Users\Dhananjay\.p2\pool\plugins\org.eclipse.m2e.maven.runtime_3.8.604.20221130-2149\jars\maven-resolver-spi-1.6.3.jar
2023-02-24 13:53:41,785 [Worker-31: Launching mavenrun-14b778a2-fbbf-4e3a-a32b-96e6eed2f860] INFO  o.eclipse.m2e.core.internal.Bundles - 	Entry: C:\Users\Dhananjay\.p2\pool\plugins\org.eclipse.m2e.maven.runtime_3.8.604.20221130-2149\jars\maven-resolver-transport-wagon-1.6.3.jar
2023-02-24 13:53:41,785 [Worker-31: Launching mavenrun-14b778a2-fbbf-4e3a-a32b-96e6eed2f860] INFO  o.eclipse.m2e.core.internal.Bundles - 	Entry: C:\Users\Dhananjay\.p2\pool\plugins\org.eclipse.m2e.maven.runtime_3.8.604.20221130-2149\jars\maven-resolver-util-1.6.3.jar
2023-02-24 13:53:41,785 [Worker-31: Launching mavenrun-14b778a2-fbbf-4e3a-a32b-96e6eed2f860] INFO  o.eclipse.m2e.core.internal.Bundles - 	Entry: C:\Users\Dhananjay\.p2\pool\plugins\org.eclipse.m2e.maven.runtime_3.8.604.20221130-2149\jars\maven-settings-3.8.6.jar
2023-02-24 13:53:41,785 [Worker-31: Launching mavenrun-14b778a2-fbbf-4e3a-a32b-96e6eed2f860] INFO  o.eclipse.m2e.core.internal.Bundles - 	Entry: C:\Users\Dhananjay\.p2\pool\plugins\org.eclipse.m2e.maven.runtime_3.8.604.20221130-2149\jars\maven-settings-builder-3.8.6.jar
2023-02-24 13:53:41,785 [Worker-31: Launching mavenrun-14b778a2-fbbf-4e3a-a32b-96e6eed2f860] INFO  o.eclipse.m2e.core.internal.Bundles - 	Entry: C:\Users\Dhananjay\.p2\pool\plugins\org.eclipse.m2e.maven.runtime_3.8.604.20221130-2149\jars\maven-shared-utils-3.3.4.jar
2023-02-24 13:53:41,786 [Worker-31: Launching mavenrun-14b778a2-fbbf-4e3a-a32b-96e6eed2f860] INFO  o.eclipse.m2e.core.internal.Bundles - 	Entry: C:\Users\Dhananjay\.p2\pool\plugins\org.eclipse.m2e.maven.runtime_3.8.604.20221130-2149\jars\okhttp-3.14.1.jar
2023-02-24 13:53:41,786 [Worker-31: Launching mavenrun-14b778a2-fbbf-4e3a-a32b-96e6eed2f860] INFO  o.eclipse.m2e.core.internal.Bundles - 	Entry: C:\Users\Dhananjay\.p2\pool\plugins\org.eclipse.m2e.maven.runtime_3.8.604.20221130-2149\jars\okio-1.17.3.jar
2023-02-24 13:53:41,786 [Worker-31: Launching mavenrun-14b778a2-fbbf-4e3a-a32b-96e6eed2f860] INFO  o.eclipse.m2e.core.internal.Bundles - 	Entry: C:\Users\Dhananjay\.p2\pool\plugins\org.eclipse.m2e.maven.runtime_3.8.604.20221130-2149\jars\org.eclipse.sisu.inject-0.3.5.jar
2023-02-24 13:53:41,786 [Worker-31: Launching mavenrun-14b778a2-fbbf-4e3a-a32b-96e6eed2f860] INFO  o.eclipse.m2e.core.internal.Bundles - 	Entry: C:\Users\Dhananjay\.p2\pool\plugins\org.eclipse.m2e.maven.runtime_3.8.604.20221130-2149\jars\org.eclipse.sisu.plexus-0.3.5.jar
2023-02-24 13:53:41,786 [Worker-31: Launching mavenrun-14b778a2-fbbf-4e3a-a32b-96e6eed2f860] INFO  o.eclipse.m2e.core.internal.Bundles - 	Entry: C:\Users\Dhananjay\.p2\pool\plugins\org.eclipse.m2e.maven.runtime_3.8.604.20221130-2149\jars\plexus-build-api-0.0.7.jar
2023-02-24 13:53:41,786 [Worker-31: Launching mavenrun-14b778a2-fbbf-4e3a-a32b-96e6eed2f860] INFO  o.eclipse.m2e.core.internal.Bundles - 	Entry: C:\Users\Dhananjay\.p2\pool\plugins\org.eclipse.m2e.maven.runtime_3.8.604.20221130-2149\jars\plexus-cipher-2.0.jar
2023-02-24 13:53:41,786 [Worker-31: Launching mavenrun-14b778a2-fbbf-4e3a-a32b-96e6eed2f860] INFO  o.eclipse.m2e.core.internal.Bundles - 	Entry: C:\Users\Dhananjay\.p2\pool\plugins\org.eclipse.m2e.maven.runtime_3.8.604.20221130-2149\jars\plexus-classworlds-2.6.0.jar
2023-02-24 13:53:41,786 [Worker-31: Launching mavenrun-14b778a2-fbbf-4e3a-a32b-96e6eed2f860] INFO  o.eclipse.m2e.core.internal.Bundles - 	Entry: C:\Users\Dhananjay\.p2\pool\plugins\org.eclipse.m2e.maven.runtime_3.8.604.20221130-2149\jars\plexus-component-annotations-2.1.0.jar
2023-02-24 13:53:41,786 [Worker-31: Launching mavenrun-14b778a2-fbbf-4e3a-a32b-96e6eed2f860] INFO  o.eclipse.m2e.core.internal.Bundles - 	Entry: C:\Users\Dhananjay\.p2\pool\plugins\org.eclipse.m2e.maven.runtime_3.8.604.20221130-2149\jars\plexus-interpolation-1.26.jar
2023-02-24 13:53:41,786 [Worker-31: Launching mavenrun-14b778a2-fbbf-4e3a-a32b-96e6eed2f860] INFO  o.eclipse.m2e.core.internal.Bundles - 	Entry: C:\Users\Dhananjay\.p2\pool\plugins\org.eclipse.m2e.maven.runtime_3.8.604.20221130-2149\jars\plexus-sec-dispatcher-2.0.jar
2023-02-24 13:53:41,786 [Worker-31: Launching mavenrun-14b778a2-fbbf-4e3a-a32b-96e6eed2f860] INFO  o.eclipse.m2e.core.internal.Bundles - 	Entry: C:\Users\Dhananjay\.p2\pool\plugins\org.eclipse.m2e.maven.runtime_3.8.604.20221130-2149\jars\plexus-utils-3.3.1.jar
2023-02-24 13:53:41,786 [Worker-31: Launching mavenrun-14b778a2-fbbf-4e3a-a32b-96e6eed2f860] INFO  o.eclipse.m2e.core.internal.Bundles - 	Entry: C:\Users\Dhananjay\.p2\pool\plugins\org.eclipse.m2e.maven.runtime_3.8.604.20221130-2149\jars\wagon-file-3.5.1.jar
2023-02-24 13:53:41,786 [Worker-31: Launching mavenrun-14b778a2-fbbf-4e3a-a32b-96e6eed2f860] INFO  o.eclipse.m2e.core.internal.Bundles - 	Entry: C:\Users\Dhananjay\.p2\pool\plugins\org.eclipse.m2e.maven.runtime_3.8.604.20221130-2149\jars\wagon-provider-api-3.5.1.jar
2023-02-24 13:53:41,797 [Worker-31: Launching mavenrun-14b778a2-fbbf-4e3a-a32b-96e6eed2f860] INFO  o.eclipse.m2e.core.internal.Bundles - getClasspathEntries(Bundle=com.google.guava_30.1.0.v20221112-0806 [944])
2023-02-24 13:53:41,810 [Worker-31: Launching mavenrun-14b778a2-fbbf-4e3a-a32b-96e6eed2f860] INFO  o.eclipse.m2e.core.internal.Bundles - 	Entry: C:\Users\Dhananjay\.p2\pool\plugins\com.google.guava_30.1.0.v20221112-0806.jar
2023-02-24 13:53:41,810 [Worker-31: Launching mavenrun-14b778a2-fbbf-4e3a-a32b-96e6eed2f860] INFO  o.eclipse.m2e.core.internal.Bundles - getClasspathEntries(Bundle=slf4j.api_1.7.36 [1664])
2023-02-24 13:53:41,822 [Worker-31: Launching mavenrun-14b778a2-fbbf-4e3a-a32b-96e6eed2f860] INFO  o.eclipse.m2e.core.internal.Bundles - 	Entry: C:\Users\Dhananjay\.p2\pool\plugins\slf4j.api_1.7.36.jar
2023-02-24 13:53:41,822 [Worker-31: Launching mavenrun-14b778a2-fbbf-4e3a-a32b-96e6eed2f860] INFO  o.eclipse.m2e.core.internal.Bundles - getClasspathEntries(Bundle=javax.inject_1.0.0.v20220405-0441 [959])
2023-02-24 13:53:41,983 [Worker-31: Launching mavenrun-14b778a2-fbbf-4e3a-a32b-96e6eed2f860] INFO  o.eclipse.m2e.core.internal.Bundles - 	Entry: C:\Users\Dhananjay\.p2\pool\plugins\javax.inject_1.0.0.v20220405-0441.jar
2023-02-24 13:53:41,983 [Worker-31: Launching mavenrun-14b778a2-fbbf-4e3a-a32b-96e6eed2f860] INFO  o.eclipse.m2e.core.internal.Bundles - getClasspathEntries(Bundle=javax.annotation_1.3.5.v20221112-0806 [1455])
2023-02-24 13:53:42,233 [Worker-31: Launching mavenrun-14b778a2-fbbf-4e3a-a32b-96e6eed2f860] INFO  o.eclipse.m2e.core.internal.Bundles - 	Entry: C:\Users\Dhananjay\.p2\pool\plugins\javax.annotation_1.3.5.v20221112-0806.jar
2023-02-24 13:53:42,371 [Worker-31: Launching mavenrun-14b778a2-fbbf-4e3a-a32b-96e6eed2f860] INFO  o.e.m.i.launch.MavenLaunchDelegate - Run build in "C:\Users\Dhananjay\AppData\Local\Temp\m2e-archetypeGenerator7882459339986960490":
2023-02-24 13:53:42,395 [Worker-31: Launching mavenrun-14b778a2-fbbf-4e3a-a32b-96e6eed2f860] INFO  o.e.m.i.launch.MavenLaunchDelegate -  mvn  -DarchetypeGroupId=org.apache.maven.archetypes -DarchetypeArtifactId=maven-archetype-quickstart -DarchetypeVersion=1.4 -DgroupId=com.jspiders -DartifactId=hibernate -Dversion=0.0.1-SNAPSHOT -Dpackage=com.jspiders.hibernate -DoutputDirectory=D:\WEJA1 -B -Dstyle.color=always -U archetype:generate
2023-02-24 13:54:00,996 [Worker-29: Creating maven-archetype-quickstart] INFO  o.e.m.c.i.p.ProjectConfigurationManager - Collecting project info '/pom.xml' D:\WEJA1\hibernate\pom.xml
2023-02-24 13:54:06,152 [Worker-29: Creating maven-archetype-quickstart] INFO  o.e.m.c.i.l.LifecycleMappingFactory - Using org.eclipse.m2e.jdt.JarLifecycleMapping lifecycle mapping for MavenProject: com.jspiders:hibernate:0.0.1-SNAPSHOT @ D:\WEJA1\hibernate\pom.xml.
2023-02-24 13:54:07,493 [Worker-29: Creating maven-archetype-quickstart] INFO  o.e.m.j.i.AbstractJavaProjectConfigurator - Adding source folder /hibernate/src/main/java
2023-02-24 13:54:07,502 [Worker-29: Creating maven-archetype-quickstart] INFO  o.e.m.j.i.AbstractJavaProjectConfigurator - Adding source folder /hibernate/src/test/java
2023-02-24 13:54:08,017 [Worker-29: Creating maven-archetype-quickstart] INFO  o.e.m.c.i.p.ProjectConfigurationManager - Imported and configured 1 project(s) in 5 sec
2023-02-24 13:54:10,744 [Worker-33: Building] INFO  o.e.m.c.i.embedder.EclipseLogger - Using 'UTF-8' encoding to copy filtered resources.
2023-02-24 13:54:10,744 [Worker-33: Building] INFO  o.e.m.c.i.embedder.EclipseLogger - skip non existing resourceDirectory D:\WEJA1\hibernate\src\main\resources
2023-02-24 13:54:10,746 [Worker-33: Building] INFO  o.e.m.c.i.embedder.EclipseLogger - Using 'UTF-8' encoding to copy filtered resources.
2023-02-24 13:54:10,746 [Worker-33: Building] INFO  o.e.m.c.i.embedder.EclipseLogger - skip non existing resourceDirectory D:\WEJA1\hibernate\src\test\resources
2023-02-24 14:01:45,411 [Worker-35: Building] INFO  o.e.m.c.i.embedder.EclipseLogger - Using 'UTF-8' encoding to copy filtered resources.
2023-02-24 14:01:45,411 [Worker-35: Building] INFO  o.e.m.c.i.embedder.EclipseLogger - skip non existing resourceDirectory D:\WEJA1\hibernate\src\main\resources
2023-02-24 14:01:45,413 [Worker-35: Building] INFO  o.e.m.c.i.embedder.EclipseLogger - Using 'UTF-8' encoding to copy filtered resources.
2023-02-24 14:01:45,413 [Worker-35: Building] INFO  o.e.m.c.i.embedder.EclipseLogger - skip non existing resourceDirectory D:\WEJA1\hibernate\src\test\resources
2023-02-24 14:01:56,740 [Worker-30: Building] INFO  o.e.m.c.i.embedder.EclipseLogger - Using 'UTF-8' encoding to copy filtered resources.
2023-02-24 14:01:56,740 [Worker-30: Building] INFO  o.e.m.c.i.embedder.EclipseLogger - skip non existing resourceDirectory D:\WEJA1\hibernate\src\main\resources
2023-02-24 14:01:56,744 [Worker-30: Building] INFO  o.e.m.c.i.embedder.EclipseLogger - Using 'UTF-8' encoding to copy filtered resources.
2023-02-24 14:01:56,744 [Worker-30: Building] INFO  o.e.m.c.i.embedder.EclipseLogger - skip non existing resourceDirectory D:\WEJA1\hibernate\src\test\resources
2023-02-24 14:01:57,002 [Worker-31: Building Project hibernate] INFO  o.e.m.c.i.embedder.EclipseLogger - Using 'UTF-8' encoding to copy filtered resources.
2023-02-24 14:01:57,003 [Worker-31: Building Project hibernate] INFO  o.e.m.c.i.embedder.EclipseLogger - skip non existing resourceDirectory D:\WEJA1\hibernate\src\main\resources
2023-02-24 14:01:57,007 [Worker-31: Building Project hibernate] INFO  o.e.m.c.i.embedder.EclipseLogger - Using 'UTF-8' encoding to copy filtered resources.
2023-02-24 14:01:57,007 [Worker-31: Building Project hibernate] INFO  o.e.m.c.i.embedder.EclipseLogger - skip non existing resourceDirectory D:\WEJA1\hibernate\src\test\resources
2023-02-24 14:02:15,539 [Worker-31: Building Project hibernate] INFO  o.e.m.c.i.embedder.EclipseLogger - Using 'UTF-8' encoding to copy filtered resources.
2023-02-24 14:02:15,641 [Worker-31: Building Project hibernate] INFO  o.e.m.c.i.embedder.EclipseLogger - skip non existing resourceDirectory D:\WEJA1\hibernate\src\main\resources
2023-02-24 14:02:15,644 [Worker-31: Building Project hibernate] INFO  o.e.m.c.i.embedder.EclipseLogger - Using 'UTF-8' encoding to copy filtered resources.
2023-02-24 14:02:15,644 [Worker-31: Building Project hibernate] INFO  o.e.m.c.i.embedder.EclipseLogger - skip non existing resourceDirectory D:\WEJA1\hibernate\src\test\resources
2023-02-24 14:03:10,410 [Worker-37: Building] INFO  o.e.m.c.i.l.LifecycleMappingFactory - Using org.eclipse.m2e.jdt.JarLifecycleMapping lifecycle mapping for MavenProject: com.jspiders:hibernate:0.0.1-SNAPSHOT @ D:\WEJA1\hibernate\pom.xml.
2023-02-24 14:03:10,704 [Worker-37: Building] INFO  o.e.m.c.i.embedder.EclipseLogger - Using 'UTF-8' encoding to copy filtered resources.
2023-02-24 14:03:10,705 [Worker-37: Building] INFO  o.e.m.c.i.embedder.EclipseLogger - skip non existing resourceDirectory D:\WEJA1\hibernate\src\main\resources
2023-02-24 14:03:10,707 [Worker-37: Building] INFO  o.e.m.c.i.embedder.EclipseLogger - Using 'UTF-8' encoding to copy filtered resources.
2023-02-24 14:03:10,707 [Worker-37: Building] INFO  o.e.m.c.i.embedder.EclipseLogger - skip non existing resourceDirectory D:\WEJA1\hibernate\src\test\resources
2023-02-24 14:21:36,510 [Worker-30: Building] INFO  o.e.m.c.i.embedder.EclipseLogger - Using 'UTF-8' encoding to copy filtered resources.
2023-02-24 14:21:36,545 [Worker-30: Building] INFO  o.e.m.c.i.embedder.EclipseLogger - Copying 0 resource
2023-02-24 14:21:36,547 [Worker-30: Building] INFO  o.e.m.c.i.embedder.EclipseLogger - Using 'UTF-8' encoding to copy filtered resources.
2023-02-24 14:21:36,547 [Worker-30: Building] INFO  o.e.m.c.i.embedder.EclipseLogger - skip non existing resourceDirectory D:\WEJA1\hibernate\src\test\resources
2023-02-24 14:22:43,788 [Worker-30: Building] INFO  o.e.m.c.i.embedder.EclipseLogger - Using 'UTF-8' encoding to copy filtered resources.
2023-02-24 14:22:43,792 [Worker-30: Building] INFO  o.e.m.c.i.embedder.EclipseLogger - Copying 0 resource
2023-02-24 14:22:43,798 [Worker-30: Building] INFO  o.e.m.c.i.embedder.EclipseLogger - Using 'UTF-8' encoding to copy filtered resources.
2023-02-24 14:22:43,798 [Worker-30: Building] INFO  o.e.m.c.i.embedder.EclipseLogger - skip non existing resourceDirectory D:\WEJA1\hibernate\src\test\resources
2023-02-24 14:26:20,556 [Worker-38: Building] INFO  o.e.m.c.i.embedder.EclipseLogger - Using 'UTF-8' encoding to copy filtered resources.
2023-02-24 14:26:20,557 [Worker-38: Building] INFO  o.e.m.c.i.embedder.EclipseLogger - Copying 1 resource
2023-02-24 14:26:20,561 [Worker-38: Building] INFO  o.e.m.c.i.embedder.EclipseLogger - Using 'UTF-8' encoding to copy filtered resources.
2023-02-24 14:26:20,562 [Worker-38: Building] INFO  o.e.m.c.i.embedder.EclipseLogger - skip non existing resourceDirectory D:\WEJA1\hibernate\src\test\resources
2023-02-24 14:57:02,171 [Worker-44: Building] INFO  o.e.m.c.i.l.LifecycleMappingFactory - Using org.eclipse.m2e.jdt.JarLifecycleMapping lifecycle mapping for MavenProject: com.jspiders:hibernate:0.0.1-SNAPSHOT @ D:\WEJA1\hibernate\pom.xml.
2023-02-24 14:57:03,630 [Worker-44: Building] INFO  o.e.m.c.i.embedder.EclipseLogger - Using 'UTF-8' encoding to copy filtered resources.
2023-02-24 14:57:03,632 [Worker-44: Building] INFO  o.e.m.c.i.embedder.EclipseLogger - Copying 0 resource
2023-02-24 14:57:03,637 [Worker-44: Building] INFO  o.e.m.c.i.embedder.EclipseLogger - Using 'UTF-8' encoding to copy filtered resources.
2023-02-24 14:57:03,637 [Worker-44: Building] INFO  o.e.m.c.i.embedder.EclipseLogger - skip non existing resourceDirectory D:\WEJA1\hibernate\src\test\resources
2023-02-24 14:57:03,971 [Worker-38: Download sources and javadoc] INFO  o.e.m.c.i.e.AbstractTransferListenerAdapter - Downloading https://repo.maven.apache.org/maven2/com/google/protobuf/protobuf-java/3.21.9/protobuf-java-3.21.9-sources.jar
2023-02-24 14:57:04,242 [Worker-45: Building] INFO  o.e.m.c.i.embedder.EclipseLogger - Using 'UTF-8' encoding to copy filtered resources.
2023-02-24 14:57:04,243 [Worker-45: Building] INFO  o.e.m.c.i.embedder.EclipseLogger - Copying 1 resource
2023-02-24 14:57:04,252 [Worker-45: Building] INFO  o.e.m.c.i.embedder.EclipseLogger - Using 'UTF-8' encoding to copy filtered resources.
2023-02-24 14:57:04,252 [Worker-45: Building] INFO  o.e.m.c.i.embedder.EclipseLogger - skip non existing resourceDirectory D:\WEJA1\hibernate\src\test\resources
2023-02-24 14:57:06,558 [Worker-38: Download sources and javadoc] INFO  o.e.m.c.i.e.AbstractTransferListenerAdapter - Downloaded https://repo.maven.apache.org/maven2/com/google/protobuf/protobuf-java/3.21.9/protobuf-java-3.21.9-sources.jar
2023-02-24 14:57:06,561 [Worker-38: Download sources and javadoc] INFO  o.e.m.j.internal.DownloadSourcesJob - Downloaded sources for com.google.protobuf:protobuf-java:3.21.9
2023-02-24 14:57:06,947 [Worker-38: Download sources and javadoc] INFO  o.e.m.c.i.e.AbstractTransferListenerAdapter - Downloading https://repo.maven.apache.org/maven2/org/hibernate/hibernate-core/5.6.14.Final/hibernate-core-5.6.14.Final-sources.jar
2023-02-24 14:57:14,381 [Worker-38: Download sources and javadoc] INFO  o.e.m.c.i.e.AbstractTransferListenerAdapter - Downloaded https://repo.maven.apache.org/maven2/org/hibernate/hibernate-core/5.6.14.Final/hibernate-core-5.6.14.Final-sources.jar
2023-02-24 14:57:14,384 [Worker-38: Download sources and javadoc] INFO  o.e.m.j.internal.DownloadSourcesJob - Downloaded sources for org.hibernate:hibernate-core:5.6.14.Final
2023-02-24 14:57:14,420 [Worker-38: Download sources and javadoc] INFO  o.e.m.c.i.e.AbstractTransferListenerAdapter - Downloading https://repo.maven.apache.org/maven2/org/hibernate/hibernate-entitymanager/5.6.14.Final/hibernate-entitymanager-5.6.14.Final-sources.jar
2023-02-24 14:57:14,464 [Worker-38: Download sources and javadoc] INFO  o.e.m.c.i.e.AbstractTransferListenerAdapter - Downloaded https://repo.maven.apache.org/maven2/org/hibernate/hibernate-entitymanager/5.6.14.Final/hibernate-entitymanager-5.6.14.Final-sources.jar
2023-02-24 14:57:14,466 [Worker-38: Download sources and javadoc] INFO  o.e.m.j.internal.DownloadSourcesJob - Downloaded sources for org.hibernate:hibernate-entitymanager:5.6.14.Final
2023-02-24 14:57:14,628 [Worker-38: Building] INFO  o.e.m.c.i.embedder.EclipseLogger - Using 'UTF-8' encoding to copy filtered resources.
2023-02-24 14:57:14,629 [Worker-38: Building] INFO  o.e.m.c.i.embedder.EclipseLogger - Copying 0 resource
2023-02-24 14:57:14,630 [Worker-38: Building] INFO  o.e.m.c.i.embedder.EclipseLogger - Using 'UTF-8' encoding to copy filtered resources.
2023-02-24 14:57:14,631 [Worker-38: Building] INFO  o.e.m.c.i.embedder.EclipseLogger - skip non existing resourceDirectory D:\WEJA1\hibernate\src\test\resources
2023-02-24 15:08:15,988 [Worker-49: Building] INFO  o.e.m.c.i.embedder.EclipseLogger - Using 'UTF-8' encoding to copy filtered resources.
2023-02-24 15:08:15,989 [Worker-49: Building] INFO  o.e.m.c.i.embedder.EclipseLogger - Copying 1 resource
2023-02-24 15:08:15,991 [Worker-49: Building] INFO  o.e.m.c.i.embedder.EclipseLogger - Using 'UTF-8' encoding to copy filtered resources.
2023-02-24 15:08:15,991 [Worker-49: Building] INFO  o.e.m.c.i.embedder.EclipseLogger - skip non existing resourceDirectory D:\WEJA1\hibernate\src\test\resources
2023-02-24 15:08:38,949 [Worker-52: Building] INFO  o.e.m.c.i.embedder.EclipseLogger - Using 'UTF-8' encoding to copy filtered resources.
2023-02-24 15:08:38,950 [Worker-52: Building] INFO  o.e.m.c.i.embedder.EclipseLogger - Copying 1 resource
2023-02-24 15:08:38,952 [Worker-52: Building] INFO  o.e.m.c.i.embedder.EclipseLogger - Using 'UTF-8' encoding to copy filtered resources.
2023-02-24 15:08:38,953 [Worker-52: Building] INFO  o.e.m.c.i.embedder.EclipseLogger - skip non existing resourceDirectory D:\WEJA1\hibernate\src\test\resources
2023-02-24 15:12:32,783 [Worker-50: Building] INFO  o.e.m.c.i.embedder.EclipseLogger - Using 'UTF-8' encoding to copy filtered resources.
2023-02-24 15:12:32,784 [Worker-50: Building] INFO  o.e.m.c.i.embedder.EclipseLogger - Copying 1 resource
2023-02-24 15:12:32,786 [Worker-50: Building] INFO  o.e.m.c.i.embedder.EclipseLogger - Using 'UTF-8' encoding to copy filtered resources.
2023-02-24 15:12:32,786 [Worker-50: Building] INFO  o.e.m.c.i.embedder.EclipseLogger - skip non existing resourceDirectory D:\WEJA1\hibernate\src\test\resources
2023-02-24 15:16:24,486 [Worker-53: Building] INFO  o.e.m.c.i.embedder.EclipseLogger - Using 'UTF-8' encoding to copy filtered resources.
2023-02-24 15:16:24,486 [Worker-53: Building] INFO  o.e.m.c.i.embedder.EclipseLogger - Copying 1 resource
2023-02-24 15:16:24,488 [Worker-53: Building] INFO  o.e.m.c.i.embedder.EclipseLogger - Using 'UTF-8' encoding to copy filtered resources.
2023-02-24 15:16:24,488 [Worker-53: Building] INFO  o.e.m.c.i.embedder.EclipseLogger - skip non existing resourceDirectory D:\WEJA1\hibernate\src\test\resources
2023-02-25 13:28:42,174 [Worker-3: Loading available Gradle versions] INFO  o.e.b.c.i.u.g.PublishedGradleVersions - Gradle version information cache is up-to-date. Trying to read.
2023-02-25 13:41:12,066 [Worker-3: Building] INFO  o.e.m.c.i.embedder.EclipseLogger - Using 'UTF-8' encoding to copy filtered resources.
2023-02-25 13:41:12,127 [Worker-3: Building] INFO  o.e.m.c.i.embedder.EclipseLogger - Copying 1 resource
2023-02-25 13:41:12,135 [Worker-3: Building] INFO  o.e.m.c.i.embedder.EclipseLogger - Using 'UTF-8' encoding to copy filtered resources.
2023-02-25 13:41:12,135 [Worker-3: Building] INFO  o.e.m.c.i.embedder.EclipseLogger - skip non existing resourceDirectory D:\WEJA1\hibernate\src\test\resources
2023-02-25 13:53:58,788 [Worker-26: Building] INFO  o.e.m.c.i.embedder.EclipseLogger - Using 'UTF-8' encoding to copy filtered resources.
2023-02-25 13:53:58,792 [Worker-26: Building] INFO  o.e.m.c.i.embedder.EclipseLogger - Copying 1 resource
2023-02-25 13:53:58,794 [Worker-26: Building] INFO  o.e.m.c.i.embedder.EclipseLogger - Using 'UTF-8' encoding to copy filtered resources.
2023-02-25 13:53:58,794 [Worker-26: Building] INFO  o.e.m.c.i.embedder.EclipseLogger - skip non existing resourceDirectory D:\WEJA1\hibernate\src\test\resources
2023-02-25 13:54:05,045 [Worker-26: Building] INFO  o.e.m.c.i.embedder.EclipseLogger - Using 'UTF-8' encoding to copy filtered resources.
2023-02-25 13:54:05,045 [Worker-26: Building] INFO  o.e.m.c.i.embedder.EclipseLogger - Copying 1 resource
2023-02-25 13:54:05,049 [Worker-26: Building] INFO  o.e.m.c.i.embedder.EclipseLogger - Using 'UTF-8' encoding to copy filtered resources.
2023-02-25 13:54:05,050 [Worker-26: Building] INFO  o.e.m.c.i.embedder.EclipseLogger - skip non existing resourceDirectory D:\WEJA1\hibernate\src\test\resources
2023-02-25 13:54:21,797 [Worker-3: Building] INFO  o.e.m.c.i.embedder.EclipseLogger - Using 'UTF-8' encoding to copy filtered resources.
2023-02-25 13:54:21,799 [Worker-3: Building] INFO  o.e.m.c.i.embedder.EclipseLogger - Copying 1 resource
2023-02-25 13:54:21,805 [Worker-3: Building] INFO  o.e.m.c.i.embedder.EclipseLogger - Using 'UTF-8' encoding to copy filtered resources.
2023-02-25 13:54:21,805 [Worker-3: Building] INFO  o.e.m.c.i.embedder.EclipseLogger - skip non existing resourceDirectory D:\WEJA1\hibernate\src\test\resources
2023-02-25 13:54:51,668 [Worker-25: Building] INFO  o.e.m.c.i.embedder.EclipseLogger - Using 'UTF-8' encoding to copy filtered resources.
2023-02-25 13:54:51,669 [Worker-25: Building] INFO  o.e.m.c.i.embedder.EclipseLogger - Copying 1 resource
2023-02-25 13:54:51,679 [Worker-25: Building] INFO  o.e.m.c.i.embedder.EclipseLogger - Using 'UTF-8' encoding to copy filtered resources.
2023-02-25 13:54:51,680 [Worker-25: Building] INFO  o.e.m.c.i.embedder.EclipseLogger - skip non existing resourceDirectory D:\WEJA1\hibernate\src\test\resources
2023-02-25 13:58:37,935 [Worker-28: Building] INFO  o.e.m.c.i.embedder.EclipseLogger - Using 'UTF-8' encoding to copy filtered resources.
2023-02-25 13:58:37,935 [Worker-28: Building] INFO  o.e.m.c.i.embedder.EclipseLogger - Copying 1 resource
2023-02-25 13:58:37,937 [Worker-28: Building] INFO  o.e.m.c.i.embedder.EclipseLogger - Using 'UTF-8' encoding to copy filtered resources.
2023-02-25 13:58:37,937 [Worker-28: Building] INFO  o.e.m.c.i.embedder.EclipseLogger - skip non existing resourceDirectory D:\WEJA1\hibernate\src\test\resources
2023-02-25 14:02:13,986 [Worker-30: Building] INFO  o.e.m.c.i.embedder.EclipseLogger - Using 'UTF-8' encoding to copy filtered resources.
2023-02-25 14:02:13,986 [Worker-30: Building] INFO  o.e.m.c.i.embedder.EclipseLogger - Copying 1 resource
2023-02-25 14:02:13,988 [Worker-30: Building] INFO  o.e.m.c.i.embedder.EclipseLogger - Using 'UTF-8' encoding to copy filtered resources.
2023-02-25 14:02:13,988 [Worker-30: Building] INFO  o.e.m.c.i.embedder.EclipseLogger - skip non existing resourceDirectory D:\WEJA1\hibernate\src\test\resources
2023-02-25 14:02:50,511 [Worker-30: Building] INFO  o.e.m.c.i.embedder.EclipseLogger - Using 'UTF-8' encoding to copy filtered resources.
2023-02-25 14:02:50,511 [Worker-30: Building] INFO  o.e.m.c.i.embedder.EclipseLogger - Copying 1 resource
2023-02-25 14:02:50,514 [Worker-30: Building] INFO  o.e.m.c.i.embedder.EclipseLogger - Using 'UTF-8' encoding to copy filtered resources.
2023-02-25 14:02:50,515 [Worker-30: Building] INFO  o.e.m.c.i.embedder.EclipseLogger - skip non existing resourceDirectory D:\WEJA1\hibernate\src\test\resources
2023-02-25 14:02:52,823 [Worker-31: Building] INFO  o.e.m.c.i.embedder.EclipseLogger - Using 'UTF-8' encoding to copy filtered resources.
2023-02-25 14:02:52,823 [Worker-31: Building] INFO  o.e.m.c.i.embedder.EclipseLogger - Copying 1 resource
2023-02-25 14:02:52,825 [Worker-31: Building] INFO  o.e.m.c.i.embedder.EclipseLogger - Using 'UTF-8' encoding to copy filtered resources.
2023-02-25 14:02:52,825 [Worker-31: Building] INFO  o.e.m.c.i.embedder.EclipseLogger - skip non existing resourceDirectory D:\WEJA1\hibernate\src\test\resources
2023-02-25 14:03:29,091 [Start Help Server] INFO  org.eclipse.jetty.server.Server - jetty-10.0.12; built: 2022-09-14T01:54:40.076Z; git: 408d0139887e27a57b54ed52e2d92a36731a7e88; jvm 19.0.1+10
2023-02-25 14:03:29,253 [Start Help Server] INFO  o.e.j.s.s.DefaultSessionIdManager - Session workerName=node0
2023-02-25 14:03:29,290 [Start Help Server] INFO  o.e.j.server.handler.ContextHandler - Started o.e.j.s.ServletContextHandler@2ddffaa7{/help,null,AVAILABLE}
2023-02-25 14:03:29,315 [Start Help Server] INFO  o.e.jetty.server.AbstractConnector - Started ServerConnector@196dd888{HTTP/1.1, (http/1.1)}{127.0.0.1:64680}
2023-02-25 14:03:29,736 [Start Help Server] INFO  org.eclipse.jetty.server.Server - Started Server@52da1f11{STARTING}[10.0.12,sto=0] @2113358ms
2023-02-25 14:06:02,743 [Worker-32: Building] INFO  o.e.m.c.i.embedder.EclipseLogger - Using 'UTF-8' encoding to copy filtered resources.
2023-02-25 14:06:02,743 [Worker-32: Building] INFO  o.e.m.c.i.embedder.EclipseLogger - Copying 1 resource
2023-02-25 14:06:02,745 [Worker-32: Building] INFO  o.e.m.c.i.embedder.EclipseLogger - Using 'UTF-8' encoding to copy filtered resources.
2023-02-25 14:06:02,745 [Worker-32: Building] INFO  o.e.m.c.i.embedder.EclipseLogger - skip non existing resourceDirectory D:\WEJA1\hibernate\src\test\resources
2023-02-25 14:12:31,005 [Worker-39: Building] INFO  o.e.m.c.i.embedder.EclipseLogger - Using 'UTF-8' encoding to copy filtered resources.
2023-02-25 14:12:31,006 [Worker-39: Building] INFO  o.e.m.c.i.embedder.EclipseLogger - Copying 1 resource
2023-02-25 14:12:31,011 [Worker-39: Building] INFO  o.e.m.c.i.embedder.EclipseLogger - Using 'UTF-8' encoding to copy filtered resources.
2023-02-25 14:12:31,011 [Worker-39: Building] INFO  o.e.m.c.i.embedder.EclipseLogger - skip non existing resourceDirectory D:\WEJA1\hibernate\src\test\resources
2023-02-25 14:19:03,475 [Worker-40: Building] INFO  o.e.m.c.i.embedder.EclipseLogger - Using 'UTF-8' encoding to copy filtered resources.
2023-02-25 14:19:03,476 [Worker-40: Building] INFO  o.e.m.c.i.embedder.EclipseLogger - Copying 1 resource
2023-02-25 14:19:03,478 [Worker-40: Building] INFO  o.e.m.c.i.embedder.EclipseLogger - Using 'UTF-8' encoding to copy filtered resources.
2023-02-25 14:19:03,478 [Worker-40: Building] INFO  o.e.m.c.i.embedder.EclipseLogger - skip non existing resourceDirectory D:\WEJA1\hibernate\src\test\resources
2023-02-25 14:20:17,067 [Worker-39: Building] INFO  o.e.m.c.i.embedder.EclipseLogger - Using 'UTF-8' encoding to copy filtered resources.
2023-02-25 14:20:17,068 [Worker-39: Building] INFO  o.e.m.c.i.embedder.EclipseLogger - Copying 1 resource
2023-02-25 14:20:17,070 [Worker-39: Building] INFO  o.e.m.c.i.embedder.EclipseLogger - Using 'UTF-8' encoding to copy filtered resources.
2023-02-25 14:20:17,070 [Worker-39: Building] INFO  o.e.m.c.i.embedder.EclipseLogger - skip non existing resourceDirectory D:\WEJA1\hibernate\src\test\resources
2023-02-25 14:39:13,996 [Worker-45: Building] INFO  o.e.m.c.i.embedder.EclipseLogger - Using 'UTF-8' encoding to copy filtered resources.
2023-02-25 14:39:13,998 [Worker-45: Building] INFO  o.e.m.c.i.embedder.EclipseLogger - Copying 1 resource
2023-02-25 14:39:14,000 [Worker-45: Building] INFO  o.e.m.c.i.embedder.EclipseLogger - Using 'UTF-8' encoding to copy filtered resources.
2023-02-25 14:39:14,000 [Worker-45: Building] INFO  o.e.m.c.i.embedder.EclipseLogger - skip non existing resourceDirectory D:\WEJA1\hibernate\src\test\resources
2023-02-25 14:39:27,534 [Worker-45: Building] INFO  o.e.m.c.i.embedder.EclipseLogger - Using 'UTF-8' encoding to copy filtered resources.
2023-02-25 14:39:27,534 [Worker-45: Building] INFO  o.e.m.c.i.embedder.EclipseLogger - Copying 1 resource
2023-02-25 14:39:27,536 [Worker-45: Building] INFO  o.e.m.c.i.embedder.EclipseLogger - Using 'UTF-8' encoding to copy filtered resources.
2023-02-25 14:39:27,537 [Worker-45: Building] INFO  o.e.m.c.i.embedder.EclipseLogger - skip non existing resourceDirectory D:\WEJA1\hibernate\src\test\resources
2023-02-25 14:44:43,430 [Worker-43: Building] INFO  o.e.m.c.i.embedder.EclipseLogger - Using 'UTF-8' encoding to copy filtered resources.
2023-02-25 14:44:43,430 [Worker-43: Building] INFO  o.e.m.c.i.embedder.EclipseLogger - Copying 1 resource
2023-02-25 14:44:43,433 [Worker-43: Building] INFO  o.e.m.c.i.embedder.EclipseLogger - Using 'UTF-8' encoding to copy filtered resources.
2023-02-25 14:44:43,433 [Worker-43: Building] INFO  o.e.m.c.i.embedder.EclipseLogger - skip non existing resourceDirectory D:\WEJA1\hibernate\src\test\resources
2023-02-25 14:44:51,798 [Worker-45: Building] INFO  o.e.m.c.i.embedder.EclipseLogger - Using 'UTF-8' encoding to copy filtered resources.
2023-02-25 14:44:51,798 [Worker-45: Building] INFO  o.e.m.c.i.embedder.EclipseLogger - Copying 1 resource
2023-02-25 14:44:51,800 [Worker-45: Building] INFO  o.e.m.c.i.embedder.EclipseLogger - Using 'UTF-8' encoding to copy filtered resources.
2023-02-25 14:44:51,800 [Worker-45: Building] INFO  o.e.m.c.i.embedder.EclipseLogger - skip non existing resourceDirectory D:\WEJA1\hibernate\src\test\resources
2023-02-25 14:45:01,348 [Worker-49: Building] INFO  o.e.m.c.i.embedder.EclipseLogger - Using 'UTF-8' encoding to copy filtered resources.
2023-02-25 14:45:01,348 [Worker-49: Building] INFO  o.e.m.c.i.embedder.EclipseLogger - Copying 1 resource
2023-02-25 14:45:01,352 [Worker-49: Building] INFO  o.e.m.c.i.embedder.EclipseLogger - Using 'UTF-8' encoding to copy filtered resources.
2023-02-25 14:45:01,353 [Worker-49: Building] INFO  o.e.m.c.i.embedder.EclipseLogger - skip non existing resourceDirectory D:\WEJA1\hibernate\src\test\resources
2023-02-25 15:00:33,835 [Worker-43: Building] INFO  o.e.m.c.i.embedder.EclipseLogger - Using 'UTF-8' encoding to copy filtered resources.
2023-02-25 15:00:33,836 [Worker-43: Building] INFO  o.e.m.c.i.embedder.EclipseLogger - Copying 1 resource
2023-02-25 15:00:33,837 [Worker-43: Building] INFO  o.e.m.c.i.embedder.EclipseLogger - Using 'UTF-8' encoding to copy filtered resources.
2023-02-25 15:00:33,838 [Worker-43: Building] INFO  o.e.m.c.i.embedder.EclipseLogger - skip non existing resourceDirectory D:\WEJA1\hibernate\src\test\resources
2023-02-25 15:04:07,563 [Worker-55: Building] INFO  o.e.m.c.i.embedder.EclipseLogger - Using 'UTF-8' encoding to copy filtered resources.
2023-02-25 15:04:07,564 [Worker-55: Building] INFO  o.e.m.c.i.embedder.EclipseLogger - Copying 1 resource
2023-02-25 15:04:07,566 [Worker-55: Building] INFO  o.e.m.c.i.embedder.EclipseLogger - Using 'UTF-8' encoding to copy filtered resources.
2023-02-25 15:04:07,566 [Worker-55: Building] INFO  o.e.m.c.i.embedder.EclipseLogger - skip non existing resourceDirectory D:\WEJA1\hibernate\src\test\resources
2023-02-25 15:13:19,647 [Worker-58: Building] INFO  o.e.m.c.i.embedder.EclipseLogger - Using 'UTF-8' encoding to copy filtered resources.
2023-02-25 15:13:19,648 [Worker-58: Building] INFO  o.e.m.c.i.embedder.EclipseLogger - Copying 1 resource
2023-02-25 15:13:19,651 [Worker-58: Building] INFO  o.e.m.c.i.embedder.EclipseLogger - Using 'UTF-8' encoding to copy filtered resources.
2023-02-25 15:13:19,651 [Worker-58: Building] INFO  o.e.m.c.i.embedder.EclipseLogger - skip non existing resourceDirectory D:\WEJA1\hibernate\src\test\resources
2023-02-25 15:18:05,087 [Worker-57: Building] INFO  o.e.m.c.i.embedder.EclipseLogger - Using 'UTF-8' encoding to copy filtered resources.
2023-02-25 15:18:05,088 [Worker-57: Building] INFO  o.e.m.c.i.embedder.EclipseLogger - Copying 1 resource
2023-02-25 15:18:05,090 [Worker-57: Building] INFO  o.e.m.c.i.embedder.EclipseLogger - Using 'UTF-8' encoding to copy filtered resources.
2023-02-25 15:18:05,090 [Worker-57: Building] INFO  o.e.m.c.i.embedder.EclipseLogger - skip non existing resourceDirectory D:\WEJA1\hibernate\src\test\resources
2023-02-25 15:20:54,998 [Stop Help Server] INFO  org.eclipse.jetty.server.Server - Stopped Server@52da1f11{STOPPING}[10.0.12,sto=0]
2023-02-25 15:20:55,005 [Stop Help Server] INFO  o.e.jetty.server.AbstractConnector - Stopped ServerConnector@196dd888{HTTP/1.1, (http/1.1)}{127.0.0.1:0}
2023-02-25 15:20:55,018 [Stop Help Server] INFO  o.e.j.server.handler.ContextHandler - Stopped o.e.j.s.ServletContextHandler@2ddffaa7{/help,null,STOPPED}
